<?xml version="1.0" encoding="UTF-8"?>
<!-- Generated by org.testng.reporters.JUnitXMLReporter -->
<testsuite ignored="0" hostname="LFR-5CG31316P0" failures="0" tests="5" name="Test" time="430.354" errors="0" timestamp="2025-04-08T15:56:43 CEST">
  <testcase classname="RegressionPagesTestCase.FacturePageTest" name="AffichageErrorChampsNomPrenom_FR6777" time="74.944"/>
  <testcase classname="RegressionPagesTestCase.FacturePageTest" name="MontantNegatifTest" time="129.211"/>
  <testcase classname="RegressionPagesTestCase.MagasinThouarePageTest" name="AffichageFormulaireNousContacter_FR7010" time="72.497"/>
  <testcase classname="RegressionPagesTestCase.HomeRecPageTest" name="AffichageMessageErrorZeroResultat_6764" time="71.141"/>
  <testcase classname="RegressionPagesTestCase.LoginPageTest" name="testDeConnexion" time="67.918"/>
</testsuite> <!-- Test -->
