<?xml version="1.0" encoding="UTF-8"?>
<testng-results ignored="0" total="1" passed="1" failed="0" skipped="0">
  <reporter-output>
  </reporter-output>
  <suite started-at="2025-04-08T16:23:55 CEST" name="Suite" finished-at="2025-04-08T16:25:15 CEST" duration-ms="80000">
    <groups>
    </groups>
    <test started-at="2025-04-08T16:23:55 CEST" name="Test" finished-at="2025-04-08T16:25:15 CEST" duration-ms="80000">
      <class name="RegressionPagesTestCase.LoginPageTest">
        <test-method is-config="true" signature="setup()[pri:0, instance:RegressionPagesTestCase.LoginPageTest@55b7a4e0]" started-at="2025-04-08T16:23:56 CEST" name="setup" finished-at="2025-04-08T16:23:59 CEST" duration-ms="3515" status="PASS">
          <reporter-output>
          </reporter-output>
        </test-method> <!-- setup -->
        <test-method signature="testDeConnexion()[pri:0, instance:RegressionPagesTestCase.LoginPageTest@55b7a4e0]" started-at="2025-04-08T16:23:59 CEST" name="testDeConnexion" finished-at="2025-04-08T16:25:15 CEST" duration-ms="75538" status="PASS">
          <reporter-output>
          </reporter-output>
        </test-method> <!-- testDeConnexion -->
        <test-method is-config="true" signature="teardown()[pri:0, instance:RegressionPagesTestCase.LoginPageTest@55b7a4e0]" started-at="2025-04-08T16:25:15 CEST" name="teardown" finished-at="2025-04-08T16:25:15 CEST" duration-ms="543" status="PASS">
          <reporter-output>
          </reporter-output>
        </test-method> <!-- teardown -->
      </class> <!-- RegressionPagesTestCase.LoginPageTest -->
    </test> <!-- Test -->
  </suite> <!-- Suite -->
</testng-results>
