<?xml version="1.0" encoding="UTF-8"?>
<testsuite xmlns:xsi="http://www.w3.org/2001/XMLSchema-instance" xsi:noNamespaceSchemaLocation="https://maven.apache.org/surefire/maven-surefire-plugin/xsd/surefire-test-report-3.0.xsd" version="3.0" name="TestSuite" time="431.33" tests="5" errors="0" skipped="0" failures="0">
  <properties>
[...]
</properties>
  <testcase name="AffichageErrorChampsNomPrenom_FR6777" classname="RegressionPagesTestCase.FacturePageTest" time="74.961">
    <system-out><![CDATA[Connexion réussie, URL actuelle : https://ufrfront:KtBZ2Xuh8rkqpKZq9TLtT9vT@www.rec1.magasins-u.com/accueil.m32356.connected
https://ufrfront:KtBZ2Xuh8rkqpKZq9TLtT9vT@www.rec1.magasins-u.com/accueil.m32356.connected
Test d'affichage des messages d'erreur des champs Nom et Prenom
]]></system-out>
    <system-err><![CDATA[SLF4J(W): No SLF4J providers were found.
SLF4J(W): Defaulting to no-operation (NOP) logger implementation
SLF4J(W): See https://www.slf4j.org/codes.html#noProviders for further details.
avr. 08, 2025 3:49:35 PM org.openqa.selenium.devtools.CdpVersionFinder findNearestMatch
AVERTISSEMENT: Unable to find an exact match for CDP version 135, returning the closest version; found: 134; Please update to a Selenium version that supports CDP version 135
]]></system-err>
  </testcase>
  <testcase name="MontantNegatifTest" classname="RegressionPagesTestCase.FacturePageTest" time="129.209">
    <system-out><![CDATA[Connexion réussie, URL actuelle : https://ufrfront:KtBZ2Xuh8rkqpKZq9TLtT9vT@www.rec1.magasins-u.com/landing/setUserContext?code=yeCVdG8lBFNhPa8YRuyKGbvoIfQ.gE9WHv3AQa9sGGxl1LSbD80RiEA&iss=websso-rec.recgroupement.systeme-u.fr:443/wam/oauth2&state=f0f08a8560844b8581f661cc13cfca1d&client_id=magasins-u.com-web-rec
https://www.rec1.magasins-u.com/accueil.m32356.connected
Test d'acceptation des montants negatifs ...   
]]></system-out>
    <system-err><![CDATA[avr. 08, 2025 3:50:53 PM org.openqa.selenium.devtools.CdpVersionFinder findNearestMatch
AVERTISSEMENT: Unable to find an exact match for CDP version 135, returning the closest version; found: 134; Please update to a Selenium version that supports CDP version 135
]]></system-err>
  </testcase>
  <testcase name="AffichageFormulaireNousContacter_FR7010" classname="RegressionPagesTestCase.MagasinThouarePageTest" time="72.495">
    <system-out><![CDATA[Connexion réussie, URL actuelle : https://ufrfront:KtBZ2Xuh8rkqpKZq9TLtT9vT@www.rec1.magasins-u.com/landing/setUserContext?code=yeCVdG8lBFNhPa8YRuyKGbvoIfQ.rD-SZV4aT7qVRZmkDbwH4JM6rd0&iss=websso-rec.recgroupement.systeme-u.fr:443/wam/oauth2&state=0b0f2c387e82402b81424f313cd6093b&client_id=magasins-u.com-web-rec
https://www.rec1.magasins-u.com/accueil.m32356.connected
Redirection vers la page Magasin ...
]]></system-out>
    <system-err><![CDATA[avr. 08, 2025 3:53:05 PM org.openqa.selenium.devtools.CdpVersionFinder findNearestMatch
AVERTISSEMENT: Unable to find an exact match for CDP version 135, returning the closest version; found: 134; Please update to a Selenium version that supports CDP version 135
]]></system-err>
  </testcase>
  <testcase name="AffichageMessageErrorZeroResultat_6764" classname="RegressionPagesTestCase.HomeRecPageTest" time="71.142">
    <system-out><![CDATA[Connexion réussie, URL actuelle : https://ufrfront:KtBZ2Xuh8rkqpKZq9TLtT9vT@www.rec1.magasins-u.com/landing/setUserContext?code=yeCVdG8lBFNhPa8YRuyKGbvoIfQ.KAQeVdj7v67lDMSNt581vygIH-M&iss=websso-rec.recgroupement.systeme-u.fr:443/wam/oauth2&state=fbe88b73d8c24ba0b6899c2b1210ccc1&client_id=magasins-u.com-web-rec
https://www.rec1.magasins-u.com/accueil.m32356.connected
URL avant recherche : https://www.rec1.magasins-u.com/accueil.m32356.connected
URL après recherche : https://www.rec1.magasins-u.com/resultat.m32356.connected?recherche=noresultat&fromSuggestion=false
]]></system-out>
    <system-err><![CDATA[avr. 08, 2025 3:54:20 PM org.openqa.selenium.devtools.CdpVersionFinder findNearestMatch
AVERTISSEMENT: Unable to find an exact match for CDP version 135, returning the closest version; found: 134; Please update to a Selenium version that supports CDP version 135
]]></system-err>
  </testcase>
  <testcase name="testDeConnexion" classname="RegressionPagesTestCase.LoginPageTest" time="67.919">
    <system-out><![CDATA[Connexion réussie, URL actuelle : https://ufrfront:KtBZ2Xuh8rkqpKZq9TLtT9vT@www.rec1.magasins-u.com/landing/setUserContext?code=yeCVdG8lBFNhPa8YRuyKGbvoIfQ.-jsbzsQZIdODdpD_7voe660n0NY&iss=websso-rec.recgroupement.systeme-u.fr:443/wam/oauth2&state=75ee1545b70a40f3a05369d18b2ce101&client_id=magasins-u.com-web-rec
https://www.rec1.magasins-u.com/accueil.m32356.connected
]]></system-out>
    <system-err><![CDATA[avr. 08, 2025 3:55:34 PM org.openqa.selenium.devtools.CdpVersionFinder findNearestMatch
AVERTISSEMENT: Unable to find an exact match for CDP version 135, returning the closest version; found: 134; Please update to a Selenium version that supports CDP version 135
]]></system-err>
  </testcase>
</testsuite>